TN:
SF:dist/domain/entity/address.js
FN:11,get street
FN:14,get number
FN:17,get zip
FN:20,get city
FN:23,validate
FN:37,toString
FN:4,Address
FNF:7
FNH:6
FNDA:13,get street
FNDA:13,get number
FNDA:13,get zip
FNDA:13,get city
FNDA:15,validate
FNDA:0,toString
FNDA:15,Address
DA:1,1
DA:2,1
DA:3,1
DA:4,1
DA:5,15
DA:6,15
DA:7,15
DA:8,15
DA:9,15
DA:10,15
DA:11,1
DA:12,13
DA:13,13
DA:14,1
DA:15,13
DA:16,13
DA:17,1
DA:18,13
DA:19,13
DA:20,1
DA:21,13
DA:22,13
DA:23,1
DA:24,15
DA:25,0
DA:26,0
DA:27,15
DA:28,0
DA:29,0
DA:30,15
DA:31,0
DA:32,0
DA:33,15
DA:34,0
DA:35,0
DA:36,15
DA:37,1
DA:38,0
DA:39,0
DA:40,1
DA:41,1
LF:41
LH:31
BRDA:11,0,0,13
BRDA:14,1,0,13
BRDA:17,2,0,13
BRDA:20,3,0,13
BRDA:23,4,0,15
BRDA:24,5,0,0
BRDA:27,6,0,0
BRDA:30,7,0,0
BRDA:33,8,0,0
BRDA:4,9,0,15
BRF:10
BRH:6
end_of_record
TN:
SF:dist/domain/entity/customer.js
FN:11,get id
FN:14,get name
FN:17,get rewardPoints
FN:20,get address
FN:23,validate
FN:31,changeName
FN:35,changeAddress
FN:38,activate
FN:44,isActive
FN:47,deactivate
FN:50,addRewardPoints
FN:53,get Address
FN:56,set Address
FN:4,Customer
FNF:14
FNH:13
FNDA:17,get id
FNDA:13,get name
FNDA:17,get rewardPoints
FNDA:0,get address
FNDA:22,validate
FNDA:1,changeName
FNDA:9,changeAddress
FNDA:4,activate
FNDA:15,isActive
FNDA:1,deactivate
FNDA:7,addRewardPoints
FNDA:44,get Address
FNDA:6,set Address
FNDA:21,Customer
DA:1,1
DA:2,1
DA:3,1
DA:4,1
DA:5,21
DA:6,21
DA:7,21
DA:8,21
DA:9,21
DA:10,21
DA:11,1
DA:12,17
DA:13,17
DA:14,1
DA:15,13
DA:16,13
DA:17,1
DA:18,17
DA:19,17
DA:20,1
DA:21,0
DA:22,0
DA:23,1
DA:24,22
DA:25,1
DA:26,1
DA:27,22
DA:28,1
DA:29,1
DA:30,22
DA:31,1
DA:32,1
DA:33,1
DA:34,1
DA:35,1
DA:36,9
DA:37,9
DA:38,1
DA:39,4
DA:40,1
DA:41,1
DA:42,3
DA:43,3
DA:44,1
DA:45,15
DA:46,15
DA:47,1
DA:48,1
DA:49,1
DA:50,1
DA:51,7
DA:52,7
DA:53,1
DA:54,44
DA:55,44
DA:56,1
DA:57,6
DA:58,6
DA:59,1
DA:60,1
LF:60
LH:58
BRDA:11,0,0,17
BRDA:14,1,0,13
BRDA:17,2,0,17
BRDA:23,3,0,22
BRDA:24,4,0,1
BRDA:27,5,0,21
BRDA:27,6,0,1
BRDA:31,7,0,1
BRDA:35,8,0,9
BRDA:38,9,0,4
BRDA:39,10,0,3
BRDA:39,11,0,1
BRDA:44,12,0,15
BRDA:47,13,0,1
BRDA:50,14,0,7
BRDA:53,15,0,44
BRDA:56,16,0,6
BRDA:4,17,0,21
BRF:18
BRH:18
end_of_record
TN:
SF:dist/domain/entity/order.js
FN:12,get id
FN:15,get customerId
FN:18,get items
FN:21,total
FN:24,changeCustomer
FN:27,validate
FN:4,Order
FNF:7
FNH:7
FNDA:10,get id
FNDA:6,get customerId
FNDA:6,get items
FNDA:31,total
FNDA:1,changeCustomer
FNDA:17,validate
FNDA:17,Order
DA:1,1
DA:2,1
DA:3,1
DA:4,1
DA:5,17
DA:6,17
DA:7,17
DA:8,17
DA:9,17
DA:10,17
DA:11,17
DA:12,1
DA:13,10
DA:14,10
DA:15,1
DA:16,6
DA:17,6
DA:18,1
DA:19,6
DA:20,6
DA:21,1
DA:22,31
DA:23,31
DA:24,1
DA:25,1
DA:26,1
DA:27,1
DA:28,17
DA:29,1
DA:30,1
DA:31,17
DA:32,1
DA:33,1
DA:34,17
DA:35,1
DA:36,1
DA:37,17
DA:38,1
DA:39,1
DA:40,13
DA:41,13
DA:42,1
DA:43,1
LF:43
LH:43
BRDA:12,0,0,10
BRDA:15,1,0,6
BRDA:18,2,0,6
BRDA:21,3,0,31
BRDA:22,4,0,30
BRDA:24,5,0,1
BRDA:27,6,0,17
BRDA:28,7,0,1
BRDA:31,8,0,16
BRDA:31,9,0,1
BRDA:34,10,0,15
BRDA:34,11,0,1
BRDA:37,12,0,14
BRDA:37,13,0,1
BRDA:40,14,0,13
BRDA:37,15,0,15
BRDA:4,16,0,17
BRF:17
BRH:17
end_of_record
TN:
SF:dist/domain/entity/order_item.js
FN:12,validate
FN:18,get id
FN:21,get name
FN:24,get price
FN:27,get quantity
FN:30,set quantity
FN:33,get productId
FN:4,OrderItem
FNF:8
FNH:7
FNDA:15,validate
FNDA:8,get id
FNDA:8,get name
FNDA:38,get price
FNDA:23,get quantity
FNDA:0,set quantity
FNDA:6,get productId
FNDA:15,OrderItem
DA:1,1
DA:2,1
DA:3,1
DA:4,1
DA:5,15
DA:6,15
DA:7,15
DA:8,15
DA:9,15
DA:10,15
DA:11,15
DA:12,1
DA:13,15
DA:14,1
DA:15,1
DA:16,14
DA:17,14
DA:18,1
DA:19,8
DA:20,8
DA:21,1
DA:22,8
DA:23,8
DA:24,1
DA:25,38
DA:26,38
DA:27,1
DA:28,23
DA:29,23
DA:30,1
DA:31,0
DA:32,0
DA:33,1
DA:34,6
DA:35,6
DA:36,1
DA:37,1
LF:37
LH:35
BRDA:12,0,0,15
BRDA:13,1,0,1
BRDA:16,2,0,14
BRDA:18,3,0,8
BRDA:21,4,0,8
BRDA:24,5,0,38
BRDA:27,6,0,23
BRDA:33,7,0,6
BRDA:4,8,0,15
BRF:9
BRH:9
end_of_record
TN:
SF:dist/domain/entity/product.js
FN:10,get id
FN:13,get name
FN:16,get price
FN:19,changeName
FN:23,changePrice
FN:27,validate
FN:4,Product
FNF:7
FNH:7
FNDA:19,get id
FNDA:20,get name
FNDA:26,get price
FNDA:2,changeName
FNDA:4,changePrice
FNDA:28,validate
FNDA:22,Product
DA:1,1
DA:2,1
DA:3,1
DA:4,1
DA:5,22
DA:6,22
DA:7,22
DA:8,22
DA:9,22
DA:10,1
DA:11,19
DA:12,19
DA:13,1
DA:14,20
DA:15,20
DA:16,1
DA:17,26
DA:18,26
DA:19,1
DA:20,2
DA:21,2
DA:22,2
DA:23,1
DA:24,4
DA:25,4
DA:26,4
DA:27,1
DA:28,28
DA:29,1
DA:30,1
DA:31,28
DA:32,1
DA:33,1
DA:34,28
DA:35,1
DA:36,1
DA:37,25
DA:38,25
DA:39,1
DA:40,1
LF:40
LH:40
BRDA:10,0,0,19
BRDA:13,1,0,20
BRDA:16,2,0,26
BRDA:19,3,0,2
BRDA:23,4,0,4
BRDA:27,5,0,28
BRDA:28,6,0,1
BRDA:31,7,0,27
BRDA:31,8,0,1
BRDA:34,9,0,26
BRDA:34,10,0,1
BRDA:37,11,0,25
BRDA:4,12,0,22
BRF:13
BRH:13
end_of_record
TN:
SF:dist/domain/service/order.service.js
FN:2,Object.<anonymous>.__importDefault
FN:9,placeOrder
FN:17,total
FNF:3
FNH:3
FNDA:1,Object.<anonymous>.__importDefault
FNDA:1,placeOrder
FNDA:1,total
DA:1,1
DA:2,1
DA:3,1
DA:4,1
DA:5,1
DA:6,1
DA:7,1
DA:8,1
DA:9,1
DA:10,1
DA:11,0
DA:12,0
DA:13,1
DA:14,1
DA:15,1
DA:16,1
DA:17,1
DA:18,1
DA:19,1
DA:20,1
DA:21,1
LF:21
LH:19
BRDA:2,0,0,0
BRDA:2,1,0,1
BRDA:3,2,0,0
BRDA:9,3,0,1
BRDA:10,4,0,0
BRDA:17,5,0,1
BRDA:18,6,0,2
BRF:7
BRH:4
end_of_record
TN:
SF:dist/domain/service/product.service.js
FN:4,increasePrice
FNF:1
FNH:1
FNDA:1,increasePrice
DA:1,1
DA:2,1
DA:3,1
DA:4,1
DA:5,1
DA:6,2
DA:7,1
DA:8,1
DA:9,1
DA:10,1
DA:11,1
LF:11
LH:11
BRDA:4,0,0,1
BRDA:5,1,0,2
BRF:2
BRH:2
end_of_record
TN:
SF:dist/entity/address.js
FN:11,validate
FN:25,toString
FN:4,Address
FNF:3
FNH:2
FNDA:1,validate
FNDA:0,toString
FNDA:1,Address
DA:1,1
DA:2,1
DA:3,1
DA:4,1
DA:5,1
DA:6,1
DA:7,1
DA:8,1
DA:9,1
DA:10,1
DA:11,1
DA:12,1
DA:13,0
DA:14,0
DA:15,1
DA:16,0
DA:17,0
DA:18,1
DA:19,0
DA:20,0
DA:21,1
DA:22,0
DA:23,0
DA:24,1
DA:25,1
DA:26,0
DA:27,0
DA:28,1
DA:29,1
LF:29
LH:19
BRDA:11,0,0,1
BRDA:12,1,0,0
BRDA:15,2,0,0
BRDA:18,3,0,0
BRDA:21,4,0,0
BRDA:4,5,0,1
BRF:6
BRH:2
end_of_record
TN:
SF:dist/entity/customer.js
FN:10,get id
FN:13,get name
FN:16,get rewardPoints
FN:19,validate
FN:27,changeName
FN:30,activate
FN:36,isActive
FN:39,deactivate
FN:42,addRewardPoints
FN:45,get Address
FN:48,set Address
FN:4,Customer
FNF:12
FNH:9
FNDA:1,get id
FNDA:0,get name
FNDA:4,get rewardPoints
FNDA:7,validate
FNDA:0,changeName
FNDA:2,activate
FNDA:2,isActive
FNDA:1,deactivate
FNDA:3,addRewardPoints
FNDA:0,get Address
FNDA:1,set Address
FNDA:7,Customer
DA:1,1
DA:2,1
DA:3,1
DA:4,1
DA:5,7
DA:6,7
DA:7,7
DA:8,7
DA:9,7
DA:10,1
DA:11,1
DA:12,1
DA:13,1
DA:14,0
DA:15,0
DA:16,1
DA:17,4
DA:18,4
DA:19,1
DA:20,7
DA:21,1
DA:22,1
DA:23,7
DA:24,1
DA:25,1
DA:26,7
DA:27,1
DA:28,0
DA:29,0
DA:30,1
DA:31,2
DA:32,1
DA:33,1
DA:34,1
DA:35,1
DA:36,1
DA:37,2
DA:38,2
DA:39,1
DA:40,1
DA:41,1
DA:42,1
DA:43,3
DA:44,3
DA:45,1
DA:46,0
DA:47,0
DA:48,1
DA:49,1
DA:50,1
DA:51,1
DA:52,1
LF:52
LH:46
BRDA:10,0,0,1
BRDA:16,1,0,4
BRDA:19,2,0,7
BRDA:20,3,0,1
BRDA:23,4,0,6
BRDA:23,5,0,1
BRDA:30,6,0,2
BRDA:31,7,0,1
BRDA:36,8,0,2
BRDA:39,9,0,1
BRDA:42,10,0,3
BRDA:48,11,0,1
BRDA:4,12,0,7
BRF:13
BRH:13
end_of_record
TN:
SF:dist/entity/order.js
FN:12,total
FN:15,validate
FN:4,Order
FNF:3
FNH:3
FNDA:15,total
FNDA:9,validate
FNDA:9,Order
DA:1,1
DA:2,1
DA:3,1
DA:4,1
DA:5,9
DA:6,9
DA:7,9
DA:8,9
DA:9,9
DA:10,9
DA:11,9
DA:12,1
DA:13,15
DA:14,15
DA:15,1
DA:16,9
DA:17,1
DA:18,1
DA:19,9
DA:20,1
DA:21,1
DA:22,9
DA:23,1
DA:24,1
DA:25,9
DA:26,1
DA:27,1
DA:28,5
DA:29,5
DA:30,1
DA:31,1
LF:31
LH:31
BRDA:12,0,0,15
BRDA:13,1,0,14
BRDA:15,2,0,9
BRDA:16,3,0,1
BRDA:19,4,0,8
BRDA:19,5,0,1
BRDA:22,6,0,7
BRDA:22,7,0,1
BRDA:25,8,0,6
BRDA:25,9,0,1
BRDA:28,10,0,5
BRDA:25,11,0,7
BRDA:4,12,0,9
BRF:13
BRH:13
end_of_record
TN:
SF:dist/entity/order_item.js
FN:12,validate
FN:18,get price
FN:21,get quantity
FN:4,OrderItem
FNF:4
FNH:4
FNDA:7,validate
FNDA:14,get price
FNDA:7,get quantity
FNDA:7,OrderItem
DA:1,1
DA:2,1
DA:3,1
DA:4,1
DA:5,7
DA:6,7
DA:7,7
DA:8,7
DA:9,7
DA:10,7
DA:11,7
DA:12,1
DA:13,7
DA:14,1
DA:15,1
DA:16,6
DA:17,6
DA:18,1
DA:19,14
DA:20,14
DA:21,1
DA:22,7
DA:23,7
DA:24,1
DA:25,1
LF:25
LH:25
BRDA:12,0,0,7
BRDA:13,1,0,1
BRDA:16,2,0,6
BRDA:18,3,0,14
BRDA:21,4,0,7
BRDA:4,5,0,7
BRF:6
BRH:6
end_of_record
TN:
SF:dist/entity/product.js
FN:10,get name
FN:13,get price
FN:16,changeName
FN:20,changePrice
FN:24,validate
FN:4,Product
FNF:6
FNH:6
FNDA:1,get name
FNDA:7,get price
FNDA:1,changeName
FNDA:3,changePrice
FNDA:11,validate
FNDA:7,Product
DA:1,1
DA:2,1
DA:3,1
DA:4,1
DA:5,7
DA:6,7
DA:7,7
DA:8,7
DA:9,7
DA:10,1
DA:11,1
DA:12,1
DA:13,1
DA:14,7
DA:15,7
DA:16,1
DA:17,1
DA:18,1
DA:19,1
DA:20,1
DA:21,3
DA:22,3
DA:23,3
DA:24,1
DA:25,11
DA:26,1
DA:27,1
DA:28,11
DA:29,1
DA:30,1
DA:31,11
DA:32,1
DA:33,1
DA:34,8
DA:35,8
DA:36,1
DA:37,1
LF:37
LH:37
BRDA:10,0,0,1
BRDA:13,1,0,7
BRDA:16,2,0,1
BRDA:20,3,0,3
BRDA:24,4,0,11
BRDA:25,5,0,1
BRDA:28,6,0,10
BRDA:28,7,0,1
BRDA:31,8,0,9
BRDA:31,9,0,1
BRDA:34,10,0,8
BRDA:4,11,0,7
BRF:12
BRH:12
end_of_record
TN:
SF:dist/infrastructure/repository/customer.repository.js
FN:2,Object.<anonymous>.__awaiter
FN:3,adopt
FN:5,fulfilled
FN:6,rejected
FN:7,step
FN:11,Object.<anonymous>.__importDefault
FN:19,create
FN:33,update
FN:50,find
FN:70,findAll
FNF:10
FNH:10
FNDA:14,Object.<anonymous>.__awaiter
FNDA:14,adopt
FNDA:13,fulfilled
FNDA:1,rejected
FNDA:27,step
FNDA:6,Object.<anonymous>.__importDefault
FNDA:10,create
FNDA:1,update
FNDA:2,find
FNDA:1,findAll
DA:1,1
DA:2,1
DA:3,14
DA:4,14
DA:5,14
DA:6,14
DA:7,14
DA:8,14
DA:9,14
DA:10,1
DA:11,1
DA:12,6
DA:13,1
DA:14,1
DA:15,1
DA:16,1
DA:17,1
DA:18,1
DA:19,1
DA:20,10
DA:21,10
DA:22,10
DA:23,10
DA:24,10
DA:25,10
DA:26,10
DA:27,10
DA:28,10
DA:29,10
DA:30,10
DA:31,10
DA:32,10
DA:33,1
DA:34,1
DA:35,1
DA:36,1
DA:37,1
DA:38,1
DA:39,1
DA:40,1
DA:41,1
DA:42,1
DA:43,1
DA:44,1
DA:45,1
DA:46,1
DA:47,1
DA:48,1
DA:49,1
DA:50,1
DA:51,2
DA:52,2
DA:53,2
DA:54,2
DA:55,2
DA:56,2
DA:57,2
DA:58,2
DA:59,2
DA:60,1
DA:61,1
DA:62,1
DA:63,1
DA:64,1
DA:65,1
DA:66,1
DA:67,1
DA:68,2
DA:69,2
DA:70,1
DA:71,1
DA:72,1
DA:73,1
DA:74,2
DA:75,2
DA:76,2
DA:77,2
DA:78,2
DA:79,1
DA:80,1
DA:81,2
DA:82,1
DA:83,1
DA:84,1
DA:85,1
DA:86,1
DA:87,1
LF:87
LH:87
BRDA:2,0,0,0
BRDA:11,1,0,0
BRDA:2,2,0,14
BRDA:3,3,0,14
BRDA:3,4,0,0
BRDA:4,5,0,14
BRDA:5,6,0,13
BRDA:5,7,0,0
BRDA:6,8,0,1
BRDA:7,9,0,27
BRDA:7,10,0,13
BRDA:7,11,0,14
BRDA:11,12,0,6
BRDA:12,13,0,0
BRDA:19,14,0,10
BRDA:20,15,0,10
BRDA:33,16,0,1
BRDA:34,17,0,1
BRDA:50,18,0,2
BRDA:51,19,0,2
BRDA:60,20,0,1
BRDA:70,21,0,1
BRDA:71,22,0,1
BRDA:73,23,0,2
BRDA:78,24,0,1
BRF:25
BRH:20
end_of_record
TN:
SF:dist/infrastructure/repository/order.repository.js
FN:2,Object.<anonymous>.__awaiter
FN:3,adopt
FN:5,fulfilled
FN:6,rejected
FN:7,step
FN:11,Object.<anonymous>.__importDefault
FN:25,create
FN:43,update
FN:68,find
FN:99,findAll
FNF:10
FNH:10
FNDA:10,Object.<anonymous>.__awaiter
FNDA:10,adopt
FNDA:8,fulfilled
FNDA:2,rejected
FNDA:18,step
FNDA:9,Object.<anonymous>.__importDefault
FNDA:5,create
FNDA:1,update
FNDA:2,find
FNDA:2,findAll
DA:1,1
DA:2,1
DA:3,10
DA:4,10
DA:5,10
DA:6,10
DA:7,10
DA:8,10
DA:9,10
DA:10,1
DA:11,1
DA:12,9
DA:13,1
DA:14,1
DA:15,1
DA:16,1
DA:17,1
DA:18,1
DA:19,1
DA:20,1
DA:21,1
DA:22,1
DA:23,1
DA:24,1
DA:25,1
DA:26,5
DA:27,5
DA:28,5
DA:29,5
DA:30,5
DA:31,5
DA:32,5
DA:33,5
DA:34,5
DA:35,5
DA:36,5
DA:37,5
DA:38,5
DA:39,5
DA:40,5
DA:41,5
DA:42,5
DA:43,1
DA:44,1
DA:45,1
DA:46,1
DA:47,1
DA:48,1
DA:49,1
DA:50,1
DA:51,1
DA:52,1
DA:53,1
DA:54,1
DA:55,1
DA:56,1
DA:57,1
DA:58,1
DA:59,1
DA:60,1
DA:61,1
DA:62,1
DA:63,1
DA:64,0
DA:65,0
DA:66,1
DA:67,1
DA:68,1
DA:69,2
DA:70,2
DA:71,2
DA:72,2
DA:73,2
DA:74,2
DA:75,2
DA:76,2
DA:77,2
DA:78,2
DA:79,2
DA:80,2
DA:81,2
DA:82,2
DA:83,2
DA:84,2
DA:85,1
DA:86,1
DA:87,1
DA:88,1
DA:89,1
DA:90,1
DA:91,1
DA:92,1
DA:93,1
DA:94,1
DA:95,1
DA:96,1
DA:97,2
DA:98,2
DA:99,1
DA:100,2
DA:101,2
DA:102,2
DA:103,2
DA:104,2
DA:105,2
DA:106,2
DA:107,2
DA:108,2
DA:109,2
DA:110,2
DA:111,1
DA:112,1
DA:113,1
DA:114,1
DA:115,1
DA:116,2
DA:117,2
DA:118,2
DA:119,2
DA:120,2
DA:121,1
DA:122,1
DA:123,2
DA:124,2
DA:125,1
DA:126,1
LF:126
LH:124
BRDA:2,0,0,0
BRDA:11,1,0,0
BRDA:2,2,0,10
BRDA:3,3,0,10
BRDA:3,4,0,0
BRDA:4,5,0,10
BRDA:5,6,0,8
BRDA:5,7,0,0
BRDA:6,8,0,2
BRDA:7,9,0,18
BRDA:7,10,0,8
BRDA:7,11,0,10
BRDA:11,12,0,9
BRDA:12,13,0,0
BRDA:25,14,0,5
BRDA:26,15,0,5
BRDA:31,16,0,5
BRDA:43,17,0,1
BRDA:44,18,0,1
BRDA:63,19,0,0
BRDA:50,20,0,1
BRDA:68,21,0,2
BRDA:69,22,0,2
BRDA:85,23,0,1
BRDA:92,24,0,1
BRDA:99,25,0,2
BRDA:100,26,0,2
BRDA:111,27,0,1
BRDA:115,28,0,2
BRDA:116,29,0,2
BRF:30
BRH:24
end_of_record
TN:
SF:dist/infrastructure/repository/product.repository.js
FN:2,Object.<anonymous>.__awaiter
FN:3,adopt
FN:5,fulfilled
FN:6,rejected
FN:7,step
FN:11,Object.<anonymous>.__importDefault
FN:18,create
FN:27,update
FN:39,find
FN:45,findAll
FNF:10
FNH:9
FNDA:13,Object.<anonymous>.__awaiter
FNDA:13,adopt
FNDA:13,fulfilled
FNDA:0,rejected
FNDA:26,step
FNDA:4,Object.<anonymous>.__importDefault
FNDA:10,create
FNDA:1,update
FNDA:1,find
FNDA:1,findAll
DA:1,1
DA:2,1
DA:3,13
DA:4,13
DA:5,13
DA:6,13
DA:7,13
DA:8,13
DA:9,13
DA:10,1
DA:11,1
DA:12,4
DA:13,1
DA:14,1
DA:15,1
DA:16,1
DA:17,1
DA:18,1
DA:19,10
DA:20,10
DA:21,10
DA:22,10
DA:23,10
DA:24,10
DA:25,10
DA:26,10
DA:27,1
DA:28,1
DA:29,1
DA:30,1
DA:31,1
DA:32,1
DA:33,1
DA:34,1
DA:35,1
DA:36,1
DA:37,1
DA:38,1
DA:39,1
DA:40,1
DA:41,1
DA:42,1
DA:43,1
DA:44,1
DA:45,1
DA:46,1
DA:47,1
DA:48,1
DA:49,1
DA:50,1
DA:51,1
DA:52,1
LF:52
LH:52
BRDA:2,0,0,0
BRDA:11,1,0,0
BRDA:2,2,0,13
BRDA:3,3,0,13
BRDA:3,4,0,0
BRDA:4,5,0,13
BRDA:5,6,0,13
BRDA:5,7,0,0
BRDA:7,8,0,26
BRDA:7,9,0,13
BRDA:7,10,0,13
BRDA:11,11,0,4
BRDA:12,12,0,0
BRDA:18,13,0,10
BRDA:19,14,0,10
BRDA:27,15,0,1
BRDA:28,16,0,1
BRDA:39,17,0,1
BRDA:40,18,0,1
BRDA:45,19,0,1
BRDA:46,20,0,1
BRDA:48,21,0,2
BRF:22
BRH:17
end_of_record
TN:
SF:dist/infrastructure/repository/db/sequelize/model/customer.model.js
FN:2,Object.<anonymous>.__decorate
FN:8,Object.<anonymous>.__metadata
FNF:2
FNH:2
FNDA:18,Object.<anonymous>.__decorate
FNDA:16,Object.<anonymous>.__metadata
DA:1,1
DA:2,1
DA:3,18
DA:4,18
DA:5,0
DA:6,18
DA:7,1
DA:8,1
DA:9,16
DA:10,1
DA:11,1
DA:12,1
DA:13,1
DA:14,1
DA:15,1
DA:16,1
DA:17,1
DA:18,1
DA:19,1
DA:20,1
DA:21,1
DA:22,1
DA:23,1
DA:24,1
DA:25,1
DA:26,1
DA:27,1
DA:28,1
DA:29,1
DA:30,1
DA:31,1
DA:32,1
DA:33,1
DA:34,1
DA:35,1
DA:36,1
DA:37,1
DA:38,1
DA:39,1
DA:40,1
DA:41,1
DA:42,1
DA:43,1
DA:44,1
DA:45,1
DA:46,1
DA:47,1
DA:48,1
DA:49,1
DA:50,1
DA:51,1
DA:52,1
DA:53,1
DA:54,1
LF:54
LH:53
BRDA:2,0,0,0
BRDA:8,1,0,0
BRDA:2,2,0,18
BRDA:3,3,0,2
BRDA:3,4,0,16
BRDA:3,5,0,0
BRDA:5,6,0,0
BRDA:6,7,0,16
BRDA:6,8,0,0
BRDA:8,9,0,16
BRF:10
BRH:5
end_of_record
TN:
SF:dist/infrastructure/repository/db/sequelize/model/order-item.model.js
FN:2,Object.<anonymous>.__decorate
FN:8,Object.<anonymous>.__metadata
FN:11,Object.<anonymous>.__importDefault
FNF:3
FNH:3
FNDA:9,Object.<anonymous>.__decorate
FNDA:8,Object.<anonymous>.__metadata
FNDA:2,Object.<anonymous>.__importDefault
DA:1,1
DA:2,1
DA:3,9
DA:4,9
DA:5,0
DA:6,9
DA:7,1
DA:8,1
DA:9,8
DA:10,1
DA:11,1
DA:12,2
DA:13,1
DA:14,1
DA:15,1
DA:16,1
DA:17,1
DA:18,1
DA:19,1
DA:20,1
DA:21,1
DA:22,1
DA:23,1
DA:24,1
DA:25,1
DA:26,1
DA:27,1
DA:28,1
DA:29,1
DA:30,1
DA:31,1
DA:32,1
DA:33,1
DA:34,1
DA:35,1
DA:36,1
DA:37,1
DA:38,1
DA:39,1
DA:40,1
DA:41,1
DA:42,1
DA:43,1
DA:44,1
DA:45,1
DA:46,1
DA:47,1
DA:48,1
DA:49,1
DA:50,1
DA:51,1
DA:52,1
DA:53,1
DA:54,1
DA:55,1
DA:56,1
DA:57,1
DA:58,1
DA:59,1
DA:60,1
DA:61,1
LF:61
LH:60
BRDA:2,0,0,0
BRDA:8,1,0,0
BRDA:11,2,0,0
BRDA:2,3,0,9
BRDA:3,4,0,1
BRDA:3,5,0,8
BRDA:3,6,0,0
BRDA:5,7,0,0
BRDA:6,8,0,8
BRDA:6,9,0,0
BRDA:8,10,0,8
BRDA:11,11,0,2
BRDA:12,12,0,0
BRDA:26,13,0,30
BRDA:31,14,0,16
BRDA:35,15,0,12
BRDA:40,16,0,16
BRF:17
BRH:10
end_of_record
TN:
SF:dist/infrastructure/repository/db/sequelize/model/order.model.js
FN:2,Object.<anonymous>.__decorate
FN:8,Object.<anonymous>.__metadata
FN:11,Object.<anonymous>.__importDefault
FNF:3
FNH:3
FNDA:6,Object.<anonymous>.__decorate
FNDA:5,Object.<anonymous>.__metadata
FNDA:2,Object.<anonymous>.__importDefault
DA:1,1
DA:2,1
DA:3,6
DA:4,6
DA:5,0
DA:6,6
DA:7,1
DA:8,1
DA:9,5
DA:10,1
DA:11,1
DA:12,2
DA:13,1
DA:14,1
DA:15,1
DA:16,1
DA:17,1
DA:18,1
DA:19,1
DA:20,1
DA:21,1
DA:22,1
DA:23,1
DA:24,1
DA:25,1
DA:26,1
DA:27,1
DA:28,1
DA:29,1
DA:30,1
DA:31,1
DA:32,1
DA:33,1
DA:34,1
DA:35,1
DA:36,1
DA:37,1
DA:38,1
DA:39,1
DA:40,1
DA:41,1
DA:42,1
DA:43,1
DA:44,1
DA:45,1
DA:46,1
DA:47,1
DA:48,1
LF:48
LH:47
BRDA:2,0,0,0
BRDA:8,1,0,0
BRDA:11,2,0,0
BRDA:2,3,0,6
BRDA:3,4,0,1
BRDA:3,5,0,5
BRDA:3,6,0,0
BRDA:5,7,0,0
BRDA:6,8,0,5
BRDA:6,9,0,0
BRDA:8,10,0,5
BRDA:11,11,0,2
BRDA:12,12,0,0
BRDA:26,13,0,6
BRDA:31,14,0,23
BRDA:35,15,0,23
BRF:16
BRH:9
end_of_record
TN:
SF:dist/infrastructure/repository/db/sequelize/model/product.model.js
FN:2,Object.<anonymous>.__decorate
FN:8,Object.<anonymous>.__metadata
FNF:2
FNH:2
FNDA:8,Object.<anonymous>.__decorate
FNDA:6,Object.<anonymous>.__metadata
DA:1,1
DA:2,1
DA:3,8
DA:4,8
DA:5,0
DA:6,8
DA:7,1
DA:8,1
DA:9,6
DA:10,1
DA:11,1
DA:12,1
DA:13,1
DA:14,1
DA:15,1
DA:16,1
DA:17,1
DA:18,1
DA:19,1
DA:20,1
DA:21,1
DA:22,1
DA:23,1
DA:24,1
DA:25,1
DA:26,1
DA:27,1
DA:28,1
DA:29,1
DA:30,1
DA:31,1
DA:32,1
DA:33,1
DA:34,1
LF:34
LH:33
BRDA:2,0,0,0
BRDA:8,1,0,0
BRDA:2,2,0,8
BRDA:3,3,0,2
BRDA:3,4,0,6
BRDA:3,5,0,0
BRDA:5,6,0,0
BRDA:6,7,0,6
BRDA:6,8,0,0
BRDA:8,9,0,6
BRF:10
BRH:5
end_of_record
TN:
SF:dist/service/order.service.js
FN:2,Object.<anonymous>.__importDefault
FN:9,placeOrder
FN:17,total
FNF:3
FNH:3
FNDA:1,Object.<anonymous>.__importDefault
FNDA:1,placeOrder
FNDA:1,total
DA:1,1
DA:2,1
DA:3,1
DA:4,1
DA:5,1
DA:6,1
DA:7,1
DA:8,1
DA:9,1
DA:10,1
DA:11,0
DA:12,0
DA:13,1
DA:14,1
DA:15,1
DA:16,1
DA:17,1
DA:18,1
DA:19,1
DA:20,1
DA:21,1
LF:21
LH:19
BRDA:2,0,0,0
BRDA:2,1,0,1
BRDA:3,2,0,0
BRDA:9,3,0,1
BRDA:10,4,0,0
BRDA:17,5,0,1
BRDA:18,6,0,2
BRF:7
BRH:4
end_of_record
TN:
SF:dist/service/product.service.js
FN:4,increasePrice
FNF:1
FNH:1
FNDA:1,increasePrice
DA:1,1
DA:2,1
DA:3,1
DA:4,1
DA:5,1
DA:6,2
DA:7,1
DA:8,1
DA:9,1
DA:10,1
DA:11,1
LF:11
LH:11
BRDA:4,0,0,1
BRDA:5,1,0,2
BRF:2
BRH:2
end_of_record
TN:
SF:src/domain/entity/address.ts
FN:18,get street
FN:22,get number
FN:26,get zip
FN:30,get city
FN:34,validate
FN:53,toString
FN:8,Address
FNF:7
FNH:6
FNDA:13,get street
FNDA:13,get number
FNDA:13,get zip
FNDA:13,get city
FNDA:15,validate
FNDA:0,toString
FNDA:15,Address
DA:1,1
DA:2,1
DA:3,1
DA:4,1
DA:5,1
DA:6,1
DA:7,1
DA:8,1
DA:9,15
DA:10,15
DA:11,15
DA:12,15
DA:13,15
DA:14,15
DA:15,15
DA:16,15
DA:17,1
DA:18,1
DA:19,13
DA:20,13
DA:21,1
DA:22,1
DA:23,13
DA:24,13
DA:25,1
DA:26,1
DA:27,13
DA:28,13
DA:29,1
DA:30,1
DA:31,13
DA:32,13
DA:33,1
DA:34,1
DA:35,15
DA:36,0
DA:37,0
DA:38,15
DA:39,15
DA:40,0
DA:41,0
DA:42,15
DA:43,15
DA:44,0
DA:45,0
DA:46,15
DA:47,15
DA:48,0
DA:49,0
DA:50,15
DA:51,15
DA:52,1
DA:53,1
DA:54,0
DA:55,0
DA:56,1
DA:57,1
LF:57
LH:47
BRDA:18,0,0,13
BRDA:22,1,0,13
BRDA:26,2,0,13
BRDA:30,3,0,13
BRDA:34,4,0,15
BRDA:35,5,0,0
BRDA:39,6,0,0
BRDA:43,7,0,0
BRDA:47,8,0,0
BRDA:8,9,0,15
BRF:10
BRH:6
end_of_record
TN:
SF:src/domain/entity/customer.ts
FN:17,get id
FN:22,get name
FN:26,get rewardPoints
FN:30,get address
FN:35,validate
FN:45,changeName
FN:50,changeAddress
FN:54,activate
FN:63,isActive
FN:67,deactivate
FN:71,addRewardPoints
FN:75,get Address
FN:79,set Address
FN:11,Customer
FNF:14
FNH:13
FNDA:17,get id
FNDA:13,get name
FNDA:17,get rewardPoints
FNDA:0,get address
FNDA:22,validate
FNDA:1,changeName
FNDA:9,changeAddress
FNDA:4,activate
FNDA:15,isActive
FNDA:1,deactivate
FNDA:7,addRewardPoints
FNDA:44,get Address
FNDA:6,set Address
FNDA:21,Customer
DA:1,1
DA:2,1
DA:3,1
DA:4,1
DA:5,1
DA:6,1
DA:7,1
DA:8,1
DA:9,1
DA:10,1
DA:11,1
DA:12,21
DA:13,21
DA:14,21
DA:15,21
DA:16,1
DA:17,1
DA:18,17
DA:19,17
DA:20,1
DA:21,1
DA:22,1
DA:23,13
DA:24,13
DA:25,1
DA:26,1
DA:27,17
DA:28,17
DA:29,1
DA:30,1
DA:31,0
DA:32,0
DA:33,1
DA:34,1
DA:35,1
DA:36,22
DA:37,1
DA:38,1
DA:39,21
DA:40,22
DA:41,1
DA:42,1
DA:43,22
DA:44,1
DA:45,1
DA:46,1
DA:47,1
DA:48,1
DA:49,1
DA:50,1
DA:51,9
DA:52,9
DA:53,1
DA:54,1
DA:55,4
DA:56,4
DA:57,1
DA:58,1
DA:59,3
DA:60,3
DA:61,3
DA:62,1
DA:63,1
DA:64,15
DA:65,15
DA:66,1
DA:67,1
DA:68,1
DA:69,1
DA:70,1
DA:71,1
DA:72,7
DA:73,7
DA:74,1
DA:75,1
DA:76,44
DA:77,44
DA:78,1
DA:79,1
DA:80,6
DA:81,6
DA:82,1
DA:83,1
LF:83
LH:81
BRDA:17,0,0,17
BRDA:22,1,0,13
BRDA:26,2,0,17
BRDA:35,3,0,22
BRDA:36,4,0,1
BRDA:39,5,0,21
BRDA:40,6,0,1
BRDA:45,7,0,1
BRDA:50,8,0,9
BRDA:54,9,0,4
BRDA:56,10,0,3
BRDA:56,11,0,1
BRDA:63,12,0,15
BRDA:67,13,0,1
BRDA:71,14,0,7
BRDA:75,15,0,44
BRDA:79,16,0,6
BRDA:11,17,0,21
BRF:18
BRH:18
end_of_record
TN:
SF:src/domain/entity/order.ts
FN:19,get id
FN:23,get customerId
FN:27,get items
FN:31,total
FN:35,changeCustomer
FN:39,validate
FN:11,Order
FNF:7
FNH:7
FNDA:10,get id
FNDA:6,get customerId
FNDA:6,get items
FNDA:31,total
FNDA:1,changeCustomer
FNDA:17,validate
FNDA:17,Order
DA:1,1
DA:2,1
DA:3,1
DA:4,1
DA:5,1
DA:6,1
DA:7,1
DA:8,1
DA:9,1
DA:10,1
DA:11,1
DA:12,17
DA:13,17
DA:14,17
DA:15,17
DA:16,17
DA:17,17
DA:18,1
DA:19,1
DA:20,10
DA:21,10
DA:22,1
DA:23,1
DA:24,6
DA:25,6
DA:26,1
DA:27,1
DA:28,6
DA:29,6
DA:30,1
DA:31,1
DA:32,31
DA:33,31
DA:34,1
DA:35,1
DA:36,1
DA:37,1
DA:38,1
DA:39,1
DA:40,17
DA:41,1
DA:42,1
DA:43,17
DA:44,1
DA:45,1
DA:46,15
DA:47,17
DA:48,1
DA:49,1
DA:50,14
DA:51,17
DA:52,1
DA:53,1
DA:54,13
DA:55,13
DA:56,13
DA:57,1
LF:57
LH:57
BRDA:19,0,0,10
BRDA:23,1,0,6
BRDA:27,2,0,6
BRDA:31,3,0,31
BRDA:32,4,0,30
BRDA:35,5,0,1
BRDA:39,6,0,17
BRDA:40,7,0,1
BRDA:43,8,0,16
BRDA:43,9,0,1
BRDA:46,10,0,15
BRDA:47,11,0,1
BRDA:50,12,0,14
BRDA:51,13,0,1
BRDA:54,14,0,13
BRDA:51,15,0,15
BRDA:11,16,0,17
BRF:17
BRH:17
end_of_record
TN:
SF:src/domain/entity/order_item.ts
FN:18,validate
FN:27,get id
FN:31,get name
FN:35,get price
FN:39,get quantity
FN:43,set quantity
FN:47,get productId
FN:9,OrderItem
FNF:8
FNH:7
FNDA:15,validate
FNDA:8,get id
FNDA:8,get name
FNDA:38,get price
FNDA:23,get quantity
FNDA:0,set quantity
FNDA:6,get productId
FNDA:15,OrderItem
DA:1,1
DA:2,1
DA:3,1
DA:4,1
DA:5,1
DA:6,1
DA:7,1
DA:8,1
DA:9,1
DA:10,15
DA:11,15
DA:12,15
DA:13,15
DA:14,15
DA:15,15
DA:16,15
DA:17,1
DA:18,1
DA:19,15
DA:20,15
DA:21,1
DA:22,1
DA:23,14
DA:24,14
DA:25,14
DA:26,1
DA:27,1
DA:28,8
DA:29,8
DA:30,1
DA:31,1
DA:32,8
DA:33,8
DA:34,1
DA:35,1
DA:36,38
DA:37,38
DA:38,1
DA:39,1
DA:40,23
DA:41,23
DA:42,1
DA:43,1
DA:44,0
DA:45,0
DA:46,1
DA:47,1
DA:48,6
DA:49,6
DA:50,1
DA:51,1
DA:52,1
LF:52
LH:50
BRDA:18,0,0,15
BRDA:20,1,0,1
BRDA:23,2,0,14
BRDA:27,3,0,8
BRDA:31,4,0,8
BRDA:35,5,0,38
BRDA:39,6,0,23
BRDA:47,7,0,6
BRDA:9,8,0,15
BRF:9
BRH:9
end_of_record
TN:
SF:src/domain/entity/product.ts
FN:14,get id
FN:18,get name
FN:22,get price
FN:26,changeName
FN:31,changePrice
FN:36,validate
FN:7,Product
FNF:7
FNH:7
FNDA:19,get id
FNDA:20,get name
FNDA:26,get price
FNDA:2,changeName
FNDA:4,changePrice
FNDA:28,validate
FNDA:22,Product
DA:1,1
DA:2,1
DA:3,1
DA:4,1
DA:5,1
DA:6,1
DA:7,1
DA:8,22
DA:9,22
DA:10,22
DA:11,22
DA:12,22
DA:13,1
DA:14,1
DA:15,19
DA:16,19
DA:17,1
DA:18,1
DA:19,20
DA:20,20
DA:21,1
DA:22,1
DA:23,26
DA:24,26
DA:25,1
DA:26,1
DA:27,2
DA:28,2
DA:29,2
DA:30,1
DA:31,1
DA:32,4
DA:33,4
DA:34,4
DA:35,1
DA:36,1
DA:37,28
DA:38,1
DA:39,1
DA:40,27
DA:41,28
DA:42,1
DA:43,1
DA:44,26
DA:45,28
DA:46,1
DA:47,1
DA:48,25
DA:49,25
DA:50,25
DA:51,25
DA:52,1
DA:53,1
LF:53
LH:53
BRDA:14,0,0,19
BRDA:18,1,0,20
BRDA:22,2,0,26
BRDA:26,3,0,2
BRDA:31,4,0,4
BRDA:36,5,0,28
BRDA:37,6,0,1
BRDA:40,7,0,27
BRDA:41,8,0,1
BRDA:44,9,0,26
BRDA:45,10,0,1
BRDA:48,11,0,25
BRDA:7,12,0,22
BRF:13
BRH:13
end_of_record
TN:
SF:src/domain/service/order.service.ts
FN:8,placeOrder
FN:21,total
FNF:2
FNH:2
FNDA:1,placeOrder
FNDA:1,total
DA:1,1
DA:2,1
DA:3,1
DA:4,1
DA:5,1
DA:6,1
DA:7,1
DA:8,1
DA:9,1
DA:10,1
DA:11,0
DA:12,0
DA:13,1
DA:14,1
DA:15,1
DA:16,1
DA:17,1
DA:18,1
DA:19,1
DA:20,1
DA:21,1
DA:22,1
DA:23,1
DA:24,1
DA:25,1
LF:25
LH:23
BRDA:8,0,0,1
BRDA:10,1,0,0
BRDA:21,2,0,1
BRDA:22,3,0,2
BRF:4
BRH:3
end_of_record
TN:
SF:src/domain/service/product.service.ts
FN:5,increasePrice
FNF:1
FNH:1
FNDA:1,increasePrice
DA:1,1
DA:2,1
DA:3,1
DA:4,1
DA:5,1
DA:6,1
DA:7,1
DA:8,2
DA:9,1
DA:10,1
DA:11,1
DA:12,1
DA:13,1
DA:14,1
DA:15,1
DA:16,1
LF:16
LH:16
BRDA:5,0,0,1
BRDA:7,1,0,2
BRF:2
BRH:2
end_of_record
TN:
SF:src/infrastructure/repository/customer.repository.ts
FN:8,create
FN:21,update
FN:40,find
FN:64,findAll
FNF:4
FNH:4
FNDA:10,create
FNDA:1,update
FNDA:2,find
FNDA:1,findAll
DA:1,1
DA:2,1
DA:3,1
DA:4,1
DA:5,1
DA:6,1
DA:7,1
DA:8,1
DA:9,10
DA:10,10
DA:11,10
DA:12,10
DA:13,10
DA:14,10
DA:15,10
DA:16,10
DA:17,10
DA:18,10
DA:19,10
DA:20,1
DA:21,1
DA:22,1
DA:23,1
DA:24,1
DA:25,1
DA:26,1
DA:27,1
DA:28,1
DA:29,1
DA:30,1
DA:31,1
DA:32,1
DA:33,1
DA:34,1
DA:35,1
DA:36,1
DA:37,1
DA:38,1
DA:39,1
DA:40,1
DA:41,2
DA:42,2
DA:43,2
DA:44,2
DA:45,2
DA:46,2
DA:47,2
DA:48,2
DA:49,1
DA:50,1
DA:51,1
DA:52,1
DA:53,1
DA:54,1
DA:55,1
DA:56,1
DA:57,1
DA:58,1
DA:59,1
DA:60,1
DA:61,1
DA:62,1
DA:63,1
DA:64,1
DA:65,1
DA:66,1
DA:67,1
DA:68,2
DA:69,2
DA:70,2
DA:71,2
DA:72,2
DA:73,2
DA:74,2
DA:75,2
DA:76,2
DA:77,2
DA:78,1
DA:79,1
DA:80,2
DA:81,1
DA:82,1
DA:83,1
DA:84,1
DA:85,1
DA:86,1
LF:86
LH:86
BRDA:8,0,0,10
BRDA:21,1,0,1
BRDA:40,2,0,2
BRDA:49,3,0,1
BRDA:64,4,0,1
BRDA:67,5,0,2
BRDA:77,6,0,1
BRF:7
BRH:7
end_of_record
TN:
SF:src/infrastructure/repository/order-repository.spec.ts
FNF:0
FNH:0
DA:1,1
DA:2,1
DA:3,1
DA:4,1
DA:5,1
DA:6,1
DA:7,1
DA:8,1
DA:9,1
DA:10,1
DA:11,1
DA:12,1
DA:13,1
DA:14,1
DA:15,1
DA:16,1
DA:17,1
DA:18,1
DA:19,1
DA:20,1
DA:21,1
DA:22,1
DA:23,1
DA:24,1
DA:25,1
DA:26,1
DA:27,1
DA:28,1
DA:29,1
DA:30,1
DA:31,1
DA:32,1
DA:33,1
DA:34,1
DA:35,1
DA:36,1
DA:37,1
DA:38,1
DA:39,1
DA:40,1
DA:41,1
DA:42,1
DA:43,1
DA:44,1
DA:45,1
DA:46,1
DA:47,1
DA:48,1
DA:49,1
DA:50,1
DA:51,1
DA:52,1
DA:53,1
DA:54,1
DA:55,1
DA:56,1
DA:57,1
DA:58,1
DA:59,1
DA:60,1
DA:61,1
DA:62,1
DA:63,1
DA:64,1
DA:65,1
DA:66,1
DA:67,1
DA:68,1
DA:69,1
DA:70,1
DA:71,1
DA:72,1
DA:73,1
DA:74,1
DA:75,1
DA:76,1
DA:77,1
DA:78,1
DA:79,1
DA:80,1
DA:81,1
DA:82,1
DA:83,1
DA:84,1
DA:85,1
DA:86,1
DA:87,1
DA:88,1
DA:89,1
DA:90,1
DA:91,1
DA:92,1
DA:93,1
DA:94,1
DA:95,1
DA:96,1
DA:97,1
DA:98,1
DA:99,1
DA:100,1
DA:101,1
DA:102,1
DA:103,1
DA:104,1
DA:105,1
DA:106,1
DA:107,1
DA:108,1
DA:109,1
DA:110,1
DA:111,1
DA:112,1
DA:113,1
DA:114,1
DA:115,1
DA:116,1
DA:117,1
DA:118,1
DA:119,1
DA:120,1
DA:121,1
DA:122,1
DA:123,1
DA:124,1
DA:125,1
DA:126,1
DA:127,1
DA:128,1
DA:129,1
DA:130,1
DA:131,1
DA:132,1
DA:133,1
DA:134,1
DA:135,1
DA:136,1
DA:137,1
DA:138,1
DA:139,1
DA:140,1
DA:141,1
DA:142,1
DA:143,1
DA:144,1
DA:145,1
DA:146,1
DA:147,1
DA:148,1
DA:149,1
DA:150,1
DA:151,1
DA:152,1
DA:153,1
DA:154,1
DA:155,1
DA:156,1
DA:157,1
DA:158,1
DA:159,1
DA:160,1
DA:161,1
DA:162,1
DA:163,1
DA:164,1
DA:165,1
DA:166,1
DA:167,1
DA:168,1
DA:169,1
DA:170,1
DA:171,1
DA:172,1
DA:173,1
DA:174,1
DA:175,1
DA:176,1
DA:177,1
DA:178,1
DA:179,1
DA:180,1
DA:181,1
DA:182,1
DA:183,1
DA:184,1
DA:185,1
DA:186,1
DA:187,1
DA:188,1
DA:189,1
DA:190,1
DA:191,1
DA:192,1
DA:193,1
DA:194,1
DA:195,1
DA:196,1
DA:197,1
DA:198,1
DA:199,1
DA:200,1
DA:201,1
DA:202,1
DA:203,1
DA:204,1
DA:205,1
DA:206,1
DA:207,1
DA:208,1
DA:209,1
DA:210,1
DA:211,1
DA:212,1
DA:213,1
LF:213
LH:213
BRF:0
BRH:0
end_of_record
TN:
SF:src/infrastructure/repository/order.repository.ts
FN:13,create
FN:33,update
FN:61,find
FN:101,findAll
FNF:4
FNH:4
FNDA:5,create
FNDA:1,update
FNDA:2,find
FNDA:2,findAll
DA:1,1
DA:2,1
DA:3,1
DA:4,1
DA:5,1
DA:6,1
DA:7,1
DA:8,1
DA:9,1
DA:10,1
DA:11,1
DA:12,1
DA:13,1
DA:14,5
DA:15,5
DA:16,5
DA:17,5
DA:18,5
DA:19,5
DA:20,5
DA:21,5
DA:22,5
DA:23,5
DA:24,5
DA:25,5
DA:26,5
DA:27,5
DA:28,5
DA:29,5
DA:30,5
DA:31,5
DA:32,1
DA:33,1
DA:34,1
DA:35,1
DA:36,1
DA:37,1
DA:38,1
DA:39,1
DA:40,1
DA:41,1
DA:42,1
DA:43,1
DA:44,1
DA:45,1
DA:46,1
DA:47,1
DA:48,1
DA:49,1
DA:50,1
DA:51,1
DA:52,1
DA:53,1
DA:54,1
DA:55,1
DA:56,1
DA:57,0
DA:58,0
DA:59,1
DA:60,1
DA:61,1
DA:62,2
DA:63,2
DA:64,2
DA:65,2
DA:66,2
DA:67,2
DA:68,2
DA:69,2
DA:70,2
DA:71,2
DA:72,2
DA:73,2
DA:74,2
DA:75,2
DA:76,2
DA:77,1
DA:78,1
DA:79,1
DA:80,1
DA:81,1
DA:82,1
DA:83,1
DA:84,1
DA:85,1
DA:86,1
DA:87,1
DA:88,1
DA:89,1
DA:90,1
DA:91,1
DA:92,1
DA:93,1
DA:94,1
DA:95,1
DA:96,1
DA:97,1
DA:98,1
DA:99,1
DA:100,1
DA:101,1
DA:102,2
DA:103,2
DA:104,2
DA:105,2
DA:106,2
DA:107,2
DA:108,2
DA:109,2
DA:110,2
DA:111,1
DA:112,1
DA:113,1
DA:114,1
DA:115,1
DA:116,2
DA:117,2
DA:118,2
DA:119,2
DA:120,2
DA:121,1
DA:122,1
DA:123,1
DA:124,1
DA:125,1
DA:126,1
DA:127,1
LF:127
LH:125
BRDA:13,0,0,5
BRDA:19,1,0,5
BRDA:33,2,0,1
BRDA:56,3,0,0
BRDA:41,4,0,1
BRDA:61,5,0,2
BRDA:77,6,0,1
BRDA:85,7,0,1
BRDA:101,8,0,2
BRDA:111,9,0,1
BRDA:115,10,0,2
BRDA:116,11,0,2
BRF:12
BRH:11
end_of_record
TN:
SF:src/infrastructure/repository/product.repository.ts
FN:7,create
FN:15,update
FN:29,find
FN:35,findAll
FNF:4
FNH:4
FNDA:10,create
FNDA:1,update
FNDA:1,find
FNDA:1,findAll
DA:1,1
DA:2,1
DA:3,1
DA:4,1
DA:5,1
DA:6,1
DA:7,1
DA:8,10
DA:9,10
DA:10,10
DA:11,10
DA:12,10
DA:13,10
DA:14,1
DA:15,1
DA:16,1
DA:17,1
DA:18,1
DA:19,1
DA:20,1
DA:21,1
DA:22,1
DA:23,1
DA:24,1
DA:25,1
DA:26,1
DA:27,1
DA:28,1
DA:29,1
DA:30,1
DA:31,1
DA:32,1
DA:33,1
DA:34,1
DA:35,1
DA:36,1
DA:37,1
DA:38,1
DA:39,2
DA:40,1
DA:41,1
DA:42,1
DA:43,1
LF:43
LH:43
BRDA:7,0,0,10
BRDA:15,1,0,1
BRDA:29,2,0,1
BRDA:35,3,0,1
BRDA:38,4,0,2
BRF:5
BRH:5
end_of_record
TN:
SF:src/infrastructure/repository/db/sequelize/model/customer.model.ts
FNF:0
FNH:0
DA:1,1
DA:2,1
DA:3,1
DA:4,1
DA:5,1
DA:6,1
DA:7,1
DA:8,1
DA:9,1
DA:10,1
DA:11,1
DA:12,1
DA:13,1
DA:14,1
DA:15,1
DA:16,1
DA:17,1
DA:18,1
DA:19,1
DA:20,1
DA:21,1
DA:22,1
DA:23,1
DA:24,1
DA:25,1
DA:26,1
DA:27,1
DA:28,1
DA:29,1
DA:30,1
DA:31,1
DA:32,1
DA:33,1
DA:34,1
LF:34
LH:34
BRF:0
BRH:0
end_of_record
TN:
SF:src/infrastructure/repository/db/sequelize/model/order-item.model.ts
FNF:0
FNH:0
DA:1,1
DA:2,1
DA:3,1
DA:4,1
DA:5,1
DA:6,1
DA:7,1
DA:8,1
DA:9,1
DA:10,1
DA:11,1
DA:12,1
DA:13,1
DA:14,1
DA:15,1
DA:16,1
DA:17,1
DA:18,1
DA:19,1
DA:20,1
DA:21,1
DA:22,1
DA:23,1
DA:24,1
DA:25,1
DA:26,1
DA:27,1
DA:28,1
DA:29,1
DA:30,1
DA:31,1
DA:32,1
DA:33,1
DA:34,1
DA:35,1
DA:36,1
DA:37,1
DA:38,1
DA:39,1
DA:40,1
DA:41,1
DA:42,1
DA:43,1
DA:44,1
LF:44
LH:44
BRDA:27,0,0,0
BRDA:34,1,0,0
BRDA:22,2,0,30
BRDA:26,3,0,16
BRDA:29,4,0,12
BRDA:33,5,0,16
BRF:6
BRH:4
end_of_record
TN:
SF:src/infrastructure/repository/db/sequelize/model/order.model.ts
FNF:0
FNH:0
DA:1,1
DA:2,1
DA:3,1
DA:4,1
DA:5,1
DA:6,1
DA:7,1
DA:8,1
DA:9,1
DA:10,1
DA:11,1
DA:12,1
DA:13,1
DA:14,1
DA:15,1
DA:16,1
DA:17,1
DA:18,1
DA:19,1
DA:20,1
DA:21,1
DA:22,1
DA:23,1
DA:24,1
DA:25,1
DA:26,1
DA:27,1
DA:28,1
DA:29,1
DA:30,1
DA:31,1
DA:32,1
DA:33,1
DA:34,1
LF:34
LH:34
BRDA:27,0,0,0
BRDA:22,1,0,6
BRDA:26,2,0,23
BRDA:29,3,0,23
BRF:4
BRH:3
end_of_record
TN:
SF:src/infrastructure/repository/db/sequelize/model/product.model.ts
FNF:0
FNH:0
DA:1,1
DA:2,1
DA:3,1
DA:4,1
DA:5,1
DA:6,1
DA:7,1
DA:8,1
DA:9,1
DA:10,1
DA:11,1
DA:12,1
DA:13,1
DA:14,1
DA:15,1
DA:16,1
DA:17,1
DA:18,1
DA:19,1
LF:19
LH:19
BRF:0
BRH:0
end_of_record
